<?xml version="1.0" encoding="UTF-8"?>
<!-- Generated by org.testng.reporters.JUnitReportReporter -->
<testsuite hostname="DESKTOP-9G5CG2U" failures="0" tests="1" name="Trellow_api_automation.Tc_002_Post_Request" time="2.944" errors="0" timestamp="2023-12-19T00:13:48 IST" skipped="0">
  <testcase classname="Trellow_api_automation.Tc_002_Post_Request" name="createdetails" time="2.944"/>
  <system-out/>
</testsuite> <!-- Trellow_api_automation.Tc_002_Post_Request -->
