<?xml version="1.0" encoding="UTF-8"?>
<!-- Generated by org.testng.reporters.JUnitReportReporter -->
<testsuite hostname="DESKTOP-9G5CG2U" failures="0" tests="1" name="test_get_request" time="2.840" errors="0" timestamp="2023-12-19T00:14:13 IST" skipped="0">
  <testcase classname="test_get_request" name="getweatherdetails" time="2.840"/>
  <system-out/>
</testsuite> <!-- test_get_request -->
